<?xml version="1.0" encoding="UTF-8"?>
<testsuite xmlns:xsi="http://www.w3.org/2001/XMLSchema-instance" xsi:noNamespaceSchemaLocation="https://maven.apache.org/surefire/maven-surefire-plugin/xsd/surefire-test-report.xsd" name="org.acme.travels.PersonsProcessTest" time="9.09" tests="2" errors="0" skipped="0" failures="0">
  <properties>
    <property name="sun.desktop" value="windows"/>
    <property name="awt.toolkit" value="sun.awt.windows.WToolkit"/>
    <property name="java.specification.version" value="11"/>
    <property name="sun.cpu.isalist" value="amd64"/>
    <property name="sun.jnu.encoding" value="Cp1252"/>
    <property name="java.class.path" value="C:\Workspace\aub-rpms-web\target\test-classes;C:\Workspace\aub-rpms-web\target\classes;C:\Users\Hadi\.m2\repository\org\springframework\boot\spring-boot-starter\2.3.1.RELEASE\spring-boot-starter-2.3.1.RELEASE.jar;C:\Users\Hadi\.m2\repository\org\springframework\boot\spring-boot\2.3.1.RELEASE\spring-boot-2.3.1.RELEASE.jar;C:\Users\Hadi\.m2\repository\org\springframework\spring-context\5.2.7.RELEASE\spring-context-5.2.7.RELEASE.jar;C:\Users\Hadi\.m2\repository\org\springframework\spring-aop\5.2.7.RELEASE\spring-aop-5.2.7.RELEASE.jar;C:\Users\Hadi\.m2\repository\org\springframework\spring-beans\5.2.7.RELEASE\spring-beans-5.2.7.RELEASE.jar;C:\Users\Hadi\.m2\repository\org\springframework\spring-expression\5.2.7.RELEASE\spring-expression-5.2.7.RELEASE.jar;C:\Users\Hadi\.m2\repository\org\springframework\boot\spring-boot-autoconfigure\2.3.1.RELEASE\spring-boot-autoconfigure-2.3.1.RELEASE.jar;C:\Users\Hadi\.m2\repository\org\springframework\boot\spring-boot-starter-logging\2.3.1.RELEASE\spring-boot-starter-logging-2.3.1.RELEASE.jar;C:\Users\Hadi\.m2\repository\ch\qos\logback\logback-classic\1.2.3\logback-classic-1.2.3.jar;C:\Users\Hadi\.m2\repository\ch\qos\logback\logback-core\1.2.3\logback-core-1.2.3.jar;C:\Users\Hadi\.m2\repository\org\apache\logging\log4j\log4j-to-slf4j\2.13.3\log4j-to-slf4j-2.13.3.jar;C:\Users\Hadi\.m2\repository\org\apache\logging\log4j\log4j-api\2.13.3\log4j-api-2.13.3.jar;C:\Users\Hadi\.m2\repository\org\slf4j\jul-to-slf4j\1.7.30\jul-to-slf4j-1.7.30.jar;C:\Users\Hadi\.m2\repository\jakarta\annotation\jakarta.annotation-api\1.3.5\jakarta.annotation-api-1.3.5.jar;C:\Users\Hadi\.m2\repository\org\springframework\spring-core\5.2.7.RELEASE\spring-core-5.2.7.RELEASE.jar;C:\Users\Hadi\.m2\repository\org\springframework\spring-jcl\5.2.7.RELEASE\spring-jcl-5.2.7.RELEASE.jar;C:\Users\Hadi\.m2\repository\org\yaml\snakeyaml\1.26\snakeyaml-1.26.jar;C:\Users\Hadi\.m2\repository\org\kie\kogito\kogito-springboot-starter\0.16.0\kogito-springboot-starter-0.16.0.jar;C:\Users\Hadi\.m2\repository\org\springframework\boot\spring-boot-starter-web\2.3.1.RELEASE\spring-boot-starter-web-2.3.1.RELEASE.jar;C:\Users\Hadi\.m2\repository\org\springframework\boot\spring-boot-starter-json\2.3.1.RELEASE\spring-boot-starter-json-2.3.1.RELEASE.jar;C:\Users\Hadi\.m2\repository\org\springframework\boot\spring-boot-starter-tomcat\2.3.1.RELEASE\spring-boot-starter-tomcat-2.3.1.RELEASE.jar;C:\Users\Hadi\.m2\repository\org\apache\tomcat\embed\tomcat-embed-core\9.0.36\tomcat-embed-core-9.0.36.jar;C:\Users\Hadi\.m2\repository\org\glassfish\jakarta.el\3.0.3\jakarta.el-3.0.3.jar;C:\Users\Hadi\.m2\repository\org\apache\tomcat\embed\tomcat-embed-websocket\9.0.36\tomcat-embed-websocket-9.0.36.jar;C:\Users\Hadi\.m2\repository\org\springframework\spring-web\5.2.7.RELEASE\spring-web-5.2.7.RELEASE.jar;C:\Users\Hadi\.m2\repository\org\springframework\spring-webmvc\5.2.7.RELEASE\spring-webmvc-5.2.7.RELEASE.jar;C:\Users\Hadi\.m2\repository\org\jboss\resteasy\resteasy-spring-boot-starter\4.6.0.Final\resteasy-spring-boot-starter-4.6.0.Final.jar;C:\Users\Hadi\.m2\repository\org\jboss\resteasy\resteasy-core\4.5.5.Final\resteasy-core-4.5.5.Final.jar;C:\Users\Hadi\.m2\repository\org\jboss\spec\javax\ws\rs\jboss-jaxrs-api_2.1_spec\1.0.1.Final\jboss-jaxrs-api_2.1_spec-1.0.1.Final.jar;C:\Users\Hadi\.m2\repository\org\jboss\spec\javax\xml\bind\jboss-jaxb-api_2.3_spec\1.0.1.Final\jboss-jaxb-api_2.3_spec-1.0.1.Final.jar;C:\Users\Hadi\.m2\repository\org\reactivestreams\reactive-streams\1.0.3\reactive-streams-1.0.3.jar;C:\Users\Hadi\.m2\repository\com\ibm\async\asyncutil\0.1.0\asyncutil-0.1.0.jar;C:\Users\Hadi\.m2\repository\org\jboss\spec\javax\annotation\jboss-annotations-api_1.3_spec\2.0.1.Final\jboss-annotations-api_1.3_spec-2.0.1.Final.jar;C:\Users\Hadi\.m2\repository\com\sun\activation\jakarta.activation\1.2.2\jakarta.activation-1.2.2.jar;C:\Users\Hadi\.m2\repository\org\eclipse\microprofile\config\microprofile-config-api\1.4\microprofile-config-api-1.4.jar;C:\Users\Hadi\.m2\repository\io\smallrye\config\smallrye-config\1.6.1\smallrye-config-1.6.1.jar;C:\Users\Hadi\.m2\repository\io\smallrye\config\smallrye-config-common\1.6.1\smallrye-config-common-1.6.1.jar;C:\Users\Hadi\.m2\repository\org\jboss\resteasy\resteasy-core-spi\4.5.5.Final\resteasy-core-spi-4.5.5.Final.jar;C:\Users\Hadi\.m2\repository\org\jboss\resteasy\resteasy-servlet-initializer\4.5.5.Final\resteasy-servlet-initializer-4.5.5.Final.jar;C:\Users\Hadi\.m2\repository\org\jboss\resteasy\resteasy-spring\4.5.5.Final\resteasy-spring-4.5.5.Final.jar;C:\Users\Hadi\.m2\repository\org\jboss\resteasy\resteasy-client\4.5.5.Final\resteasy-client-4.5.5.Final.jar;C:\Users\Hadi\.m2\repository\org\jboss\resteasy\resteasy-client-api\4.5.5.Final\resteasy-client-api-4.5.5.Final.jar;C:\Users\Hadi\.m2\repository\org\apache\httpcomponents\httpclient\4.5.12\httpclient-4.5.12.jar;C:\Users\Hadi\.m2\repository\org\apache\httpcomponents\httpcore\4.4.13\httpcore-4.4.13.jar;C:\Users\Hadi\.m2\repository\commons-io\commons-io\2.5\commons-io-2.5.jar;C:\Users\Hadi\.m2\repository\org\jboss\resteasy\resteasy-jackson2-provider\4.5.5.Final\resteasy-jackson2-provider-4.5.5.Final.jar;C:\Users\Hadi\.m2\repository\org\jboss\resteasy\resteasy-jaxb-provider\4.5.5.Final\resteasy-jaxb-provider-4.5.5.Final.jar;C:\Users\Hadi\.m2\repository\org\glassfish\jaxb\jaxb-runtime\2.3.3\jaxb-runtime-2.3.3.jar;C:\Users\Hadi\.m2\repository\org\glassfish\jaxb\txw2\2.3.3\txw2-2.3.3.jar;C:\Users\Hadi\.m2\repository\com\sun\istack\istack-commons-runtime\3.0.11\istack-commons-runtime-3.0.11.jar;C:\Users\Hadi\.m2\repository\com\github\fge\json-patch\1.9\json-patch-1.9.jar;C:\Users\Hadi\.m2\repository\com\github\fge\jackson-coreutils\1.6\jackson-coreutils-1.6.jar;C:\Users\Hadi\.m2\repository\com\github\fge\msg-simple\1.1\msg-simple-1.1.jar;C:\Users\Hadi\.m2\repository\com\github\fge\btf\1.2\btf-1.2.jar;C:\Users\Hadi\.m2\repository\javax\servlet\javax.servlet-api\4.0.1\javax.servlet-api-4.0.1.jar;C:\Users\Hadi\.m2\repository\javax\annotation\javax.annotation-api\1.3.2\javax.annotation-api-1.3.2.jar;C:\Users\Hadi\.m2\repository\javax\validation\validation-api\2.0.1.Final\validation-api-2.0.1.Final.jar;C:\Users\Hadi\.m2\repository\org\glassfish\javax.json\1.1.2\javax.json-1.1.2.jar;C:\Users\Hadi\.m2\repository\javax\json\javax.json-api\1.1.4\javax.json-api-1.1.4.jar;C:\Users\Hadi\.m2\repository\org\slf4j\slf4j-api\1.7.30\slf4j-api-1.7.30.jar;C:\Users\Hadi\.m2\repository\org\jboss\logging\jboss-logging\3.4.1.Final\jboss-logging-3.4.1.Final.jar;C:\Users\Hadi\.m2\repository\com\fasterxml\jackson\core\jackson-databind\2.11.0\jackson-databind-2.11.0.jar;C:\Users\Hadi\.m2\repository\com\fasterxml\jackson\core\jackson-core\2.11.0\jackson-core-2.11.0.jar;C:\Users\Hadi\.m2\repository\com\fasterxml\jackson\jaxrs\jackson-jaxrs-json-provider\2.11.0\jackson-jaxrs-json-provider-2.11.0.jar;C:\Users\Hadi\.m2\repository\com\fasterxml\jackson\jaxrs\jackson-jaxrs-base\2.11.0\jackson-jaxrs-base-2.11.0.jar;C:\Users\Hadi\.m2\repository\com\fasterxml\jackson\module\jackson-module-jaxb-annotations\2.11.0\jackson-module-jaxb-annotations-2.11.0.jar;C:\Users\Hadi\.m2\repository\com\fasterxml\jackson\datatype\jackson-datatype-jdk8\2.11.0\jackson-datatype-jdk8-2.11.0.jar;C:\Users\Hadi\.m2\repository\com\fasterxml\jackson\module\jackson-module-parameter-names\2.11.0\jackson-module-parameter-names-2.11.0.jar;C:\Users\Hadi\.m2\repository\com\fasterxml\jackson\datatype\jackson-datatype-jsr310\2.11.0\jackson-datatype-jsr310-2.11.0.jar;C:\Users\Hadi\.m2\repository\com\fasterxml\jackson\core\jackson-annotations\2.11.0\jackson-annotations-2.11.0.jar;C:\Users\Hadi\.m2\repository\com\google\guava\guava\25.0-jre\guava-25.0-jre.jar;C:\Users\Hadi\.m2\repository\com\google\code\findbugs\jsr305\1.3.9\jsr305-1.3.9.jar;C:\Users\Hadi\.m2\repository\org\checkerframework\checker-compat-qual\2.0.0\checker-compat-qual-2.0.0.jar;C:\Users\Hadi\.m2\repository\com\google\errorprone\error_prone_annotations\2.1.3\error_prone_annotations-2.1.3.jar;C:\Users\Hadi\.m2\repository\com\google\j2objc\j2objc-annotations\1.1\j2objc-annotations-1.1.jar;C:\Users\Hadi\.m2\repository\org\codehaus\mojo\animal-sniffer-annotations\1.14\animal-sniffer-annotations-1.14.jar;C:\Users\Hadi\.m2\repository\jakarta\validation\jakarta.validation-api\2.0.2\jakarta.validation-api-2.0.2.jar;C:\Users\Hadi\.m2\repository\commons-codec\commons-codec\1.14\commons-codec-1.14.jar;C:\Users\Hadi\.m2\repository\org\junit\platform\junit-platform-commons\1.6.2\junit-platform-commons-1.6.2.jar;C:\Users\Hadi\.m2\repository\org\kie\kogito\kogito-api\0.16.0\kogito-api-0.16.0.jar;C:\Users\Hadi\.m2\repository\org\kie\kie-dmn-api\7.44.0.Final\kie-dmn-api-7.44.0.Final.jar;C:\Users\Hadi\.m2\repository\org\kie\kie-dmn-model\7.44.0.Final\kie-dmn-model-7.44.0.Final.jar;C:\Users\Hadi\.m2\repository\org\kie\kogito\kogito-timer\0.16.0\kogito-timer-0.16.0.jar;C:\Users\Hadi\.m2\repository\org\kie\kie-pmml-evaluator-api\7.44.0.Final\kie-pmml-evaluator-api-7.44.0.Final.jar;C:\Users\Hadi\.m2\repository\org\kie\kie-pmml-commons\7.44.0.Final\kie-pmml-commons-7.44.0.Final.jar;C:\Users\Hadi\.m2\repository\org\kie\kogito\kogito-drools\0.16.0\kogito-drools-0.16.0.jar;C:\Users\Hadi\.m2\repository\org\kie\kogito\drools-core\0.16.0\drools-core-0.16.0.jar;C:\Users\Hadi\.m2\repository\org\drools\drools-core\7.44.0.Final\drools-core-7.44.0.Final.jar;C:\Users\Hadi\.m2\repository\org\kie\soup\kie-soup-xstream\7.44.0.Final\kie-soup-xstream-7.44.0.Final.jar;C:\Users\Hadi\.m2\repository\org\kie\soup\kie-soup-project-datamodel-commons\7.44.0.Final\kie-soup-project-datamodel-commons-7.44.0.Final.jar;C:\Users\Hadi\.m2\repository\org\kie\soup\kie-soup-project-datamodel-api\7.44.0.Final\kie-soup-project-datamodel-api-7.44.0.Final.jar;C:\Users\Hadi\.m2\repository\com\thoughtworks\xstream\xstream\1.4.11.1\xstream-1.4.11.1.jar;C:\Users\Hadi\.m2\repository\xmlpull\xmlpull\1.1.3.1\xmlpull-1.1.3.1.jar;C:\Users\Hadi\.m2\repository\xpp3\xpp3_min\1.1.4c\xpp3_min-1.1.4c.jar;C:\Users\Hadi\.m2\repository\org\kie\kogito\drools-compiler\0.16.0\drools-compiler-0.16.0.jar;C:\Users\Hadi\.m2\repository\org\drools\drools-compiler\7.44.0.Final\drools-compiler-7.44.0.Final.jar;C:\Users\Hadi\.m2\repository\org\kie\soup\kie-soup-maven-support\7.44.0.Final\kie-soup-maven-support-7.44.0.Final.jar;C:\Users\Hadi\.m2\repository\org\kie\soup\kie-soup-commons\7.44.0.Final\kie-soup-commons-7.44.0.Final.jar;C:\Users\Hadi\.m2\repository\org\antlr\antlr-runtime\3.5.2\antlr-runtime-3.5.2.jar;C:\Users\Hadi\.m2\repository\org\kie\kogito\drools-core-static\0.16.0\drools-core-static-0.16.0.jar;C:\Users\Hadi\.m2\repository\org\drools\drools-core-reflective\7.44.0.Final\drools-core-reflective-7.44.0.Final.jar;C:\Users\Hadi\.m2\repository\org\kie\kogito\kogito-ruleunits\0.16.0\kogito-ruleunits-0.16.0.jar;C:\Users\Hadi\.m2\repository\org\kie\kogito\kogito-drools-model\0.16.0\kogito-drools-model-0.16.0.jar;C:\Users\Hadi\.m2\repository\org\drools\drools-model-compiler\7.44.0.Final\drools-model-compiler-7.44.0.Final.jar;C:\Users\Hadi\.m2\repository\org\drools\drools-canonical-model\7.44.0.Final\drools-canonical-model-7.44.0.Final.jar;C:\Users\Hadi\.m2\repository\org\drools\drools-mvel-parser\7.44.0.Final\drools-mvel-parser-7.44.0.Final.jar;C:\Users\Hadi\.m2\repository\org\drools\drools-mvel-compiler\7.44.0.Final\drools-mvel-compiler-7.44.0.Final.jar;C:\Users\Hadi\.m2\repository\org\kie\kogito\jbpm-flow\0.16.0\jbpm-flow-0.16.0.jar;C:\Users\Hadi\.m2\repository\org\kie\kogito\kogito-internal\0.16.0\kogito-internal-0.16.0.jar;C:\Users\Hadi\.m2\repository\org\kie\kogito\kogito-services\0.16.0\kogito-services-0.16.0.jar;C:\Users\Hadi\.m2\repository\com\google\protobuf\protobuf-java\3.6.1\protobuf-java-3.6.1.jar;C:\Users\Hadi\.m2\repository\org\mvel\mvel2\2.4.7.Final\mvel2-2.4.7.Final.jar;C:\Users\Hadi\.m2\repository\org\kie\kogito\kogito-dmn\0.16.0\kogito-dmn-0.16.0.jar;C:\Users\Hadi\.m2\repository\org\kie\kie-dmn-core\7.44.0.Final\kie-dmn-core-7.44.0.Final.jar;C:\Users\Hadi\.m2\repository\org\kie\kie-dmn-backend\7.44.0.Final\kie-dmn-backend-7.44.0.Final.jar;C:\Users\Hadi\.m2\repository\org\kie\kie-dmn-feel\7.44.0.Final\kie-dmn-feel-7.44.0.Final.jar;C:\Users\Hadi\.m2\repository\ch\obermuhlner\big-math\2.0.1\big-math-2.0.1.jar;C:\Users\Hadi\.m2\repository\com\github\javaparser\javaparser-core\3.13.10\javaparser-core-3.13.10.jar;C:\Users\Hadi\.m2\repository\org\antlr\antlr4-runtime\4.8\antlr4-runtime-4.8.jar;C:\Users\Hadi\.m2\repository\org\jpmml\pmml-model\1.5.1\pmml-model-1.5.1.jar;C:\Users\Hadi\.m2\repository\org\jpmml\pmml-agent\1.5.1\pmml-agent-1.5.1.jar;C:\Users\Hadi\.m2\repository\org\kie\kie-dmn-validation\7.44.0.Final\kie-dmn-validation-7.44.0.Final.jar;C:\Users\Hadi\.m2\repository\org\kie\kogito\kogito-pmml\0.16.0\kogito-pmml-0.16.0.jar;C:\Users\Hadi\.m2\repository\org\kie\kie-pmml-compiler-api\7.44.0.Final\kie-pmml-compiler-api-7.44.0.Final.jar;C:\Users\Hadi\.m2\repository\org\kie\kie-pmml-compiler-core\7.44.0.Final\kie-pmml-compiler-core-7.44.0.Final.jar;C:\Users\Hadi\.m2\repository\org\kie\kie-pmml-compiler-commons\7.44.0.Final\kie-pmml-compiler-commons-7.44.0.Final.jar;C:\Users\Hadi\.m2\repository\org\kie\kie-pmml-evaluator-core\7.44.0.Final\kie-pmml-evaluator-core-7.44.0.Final.jar;C:\Users\Hadi\.m2\repository\org\kie\kie-pmml-evaluator-assembler\7.44.0.Final\kie-pmml-evaluator-assembler-7.44.0.Final.jar;C:\Users\Hadi\.m2\repository\org\kie\kie-pmml-models-drools-common\7.44.0.Final\kie-pmml-models-drools-common-7.44.0.Final.jar;C:\Users\Hadi\.m2\repository\org\kie\kie-pmml-models-regression-model\7.44.0.Final\kie-pmml-models-regression-model-7.44.0.Final.jar;C:\Users\Hadi\.m2\repository\org\kie\kie-pmml-models-regression-compiler\7.44.0.Final\kie-pmml-models-regression-compiler-7.44.0.Final.jar;C:\Users\Hadi\.m2\repository\org\kie\kie-memory-compiler\7.44.0.Final\kie-memory-compiler-7.44.0.Final.jar;C:\Users\Hadi\.m2\repository\org\kie\kie-pmml-models-regression-evaluator\7.44.0.Final\kie-pmml-models-regression-evaluator-7.44.0.Final.jar;C:\Users\Hadi\.m2\repository\org\apache\commons\commons-math3\3.4.1\commons-math3-3.4.1.jar;C:\Users\Hadi\.m2\repository\org\kie\kie-pmml-models-drools-tree-model\7.44.0.Final\kie-pmml-models-drools-tree-model-7.44.0.Final.jar;C:\Users\Hadi\.m2\repository\org\kie\kie-pmml-models-drools-tree-compiler\7.44.0.Final\kie-pmml-models-drools-tree-compiler-7.44.0.Final.jar;C:\Users\Hadi\.m2\repository\org\kie\kie-pmml-models-drools-tree-evaluator\7.44.0.Final\kie-pmml-models-drools-tree-evaluator-7.44.0.Final.jar;C:\Users\Hadi\.m2\repository\org\kie\kie-pmml-compiler-api\7.44.0.Final\kie-pmml-compiler-api-7.44.0.Final-tests.jar;C:\Users\Hadi\.m2\repository\org\kie\kie-pmml-models-drools-scorecard-model\7.44.0.Final\kie-pmml-models-drools-scorecard-model-7.44.0.Final.jar;C:\Users\Hadi\.m2\repository\org\kie\kie-pmml-models-drools-scorecard-compiler\7.44.0.Final\kie-pmml-models-drools-scorecard-compiler-7.44.0.Final.jar;C:\Users\Hadi\.m2\repository\org\kie\kie-pmml-models-drools-scorecard-evaluator\7.44.0.Final\kie-pmml-models-drools-scorecard-evaluator-7.44.0.Final.jar;C:\Users\Hadi\.m2\repository\org\kie\kie-pmml-models-mining-model\7.44.0.Final\kie-pmml-models-mining-model-7.44.0.Final.jar;C:\Users\Hadi\.m2\repository\org\kie\kie-pmml-models-mining-compiler\7.44.0.Final\kie-pmml-models-mining-compiler-7.44.0.Final.jar;C:\Users\Hadi\.m2\repository\org\kie\kie-pmml-models-mining-evaluator\7.44.0.Final\kie-pmml-models-mining-evaluator-7.44.0.Final.jar;C:\Users\Hadi\.m2\repository\javax\xml\bind\jaxb-api\2.3.1\jaxb-api-2.3.1.jar;C:\Users\Hadi\.m2\repository\javax\activation\javax.activation-api\1.2.0\javax.activation-api-1.2.0.jar;C:\Users\Hadi\.m2\repository\com\sun\activation\javax.activation\1.2.0\javax.activation-1.2.0.jar;C:\Users\Hadi\.m2\repository\org\springframework\boot\spring-boot-starter-test\2.3.1.RELEASE\spring-boot-starter-test-2.3.1.RELEASE.jar;C:\Users\Hadi\.m2\repository\org\springframework\boot\spring-boot-test\2.3.1.RELEASE\spring-boot-test-2.3.1.RELEASE.jar;C:\Users\Hadi\.m2\repository\org\springframework\boot\spring-boot-test-autoconfigure\2.3.1.RELEASE\spring-boot-test-autoconfigure-2.3.1.RELEASE.jar;C:\Users\Hadi\.m2\repository\com\jayway\jsonpath\json-path\2.4.0\json-path-2.4.0.jar;C:\Users\Hadi\.m2\repository\net\minidev\json-smart\2.3\json-smart-2.3.jar;C:\Users\Hadi\.m2\repository\net\minidev\accessors-smart\1.2\accessors-smart-1.2.jar;C:\Users\Hadi\.m2\repository\org\ow2\asm\asm\5.0.4\asm-5.0.4.jar;C:\Users\Hadi\.m2\repository\jakarta\xml\bind\jakarta.xml.bind-api\2.3.3\jakarta.xml.bind-api-2.3.3.jar;C:\Users\Hadi\.m2\repository\jakarta\activation\jakarta.activation-api\1.2.2\jakarta.activation-api-1.2.2.jar;C:\Users\Hadi\.m2\repository\org\assertj\assertj-core\3.16.1\assertj-core-3.16.1.jar;C:\Users\Hadi\.m2\repository\org\hamcrest\hamcrest\2.2\hamcrest-2.2.jar;C:\Users\Hadi\.m2\repository\org\junit\jupiter\junit-jupiter\5.6.2\junit-jupiter-5.6.2.jar;C:\Users\Hadi\.m2\repository\org\junit\jupiter\junit-jupiter-api\5.6.2\junit-jupiter-api-5.6.2.jar;C:\Users\Hadi\.m2\repository\org\opentest4j\opentest4j\1.2.0\opentest4j-1.2.0.jar;C:\Users\Hadi\.m2\repository\org\junit\jupiter\junit-jupiter-params\5.6.2\junit-jupiter-params-5.6.2.jar;C:\Users\Hadi\.m2\repository\org\junit\jupiter\junit-jupiter-engine\5.6.2\junit-jupiter-engine-5.6.2.jar;C:\Users\Hadi\.m2\repository\org\junit\vintage\junit-vintage-engine\5.6.2\junit-vintage-engine-5.6.2.jar;C:\Users\Hadi\.m2\repository\org\apiguardian\apiguardian-api\1.1.0\apiguardian-api-1.1.0.jar;C:\Users\Hadi\.m2\repository\org\junit\platform\junit-platform-engine\1.6.2\junit-platform-engine-1.6.2.jar;C:\Users\Hadi\.m2\repository\junit\junit\4.13\junit-4.13.jar;C:\Users\Hadi\.m2\repository\org\mockito\mockito-core\3.3.3\mockito-core-3.3.3.jar;C:\Users\Hadi\.m2\repository\net\bytebuddy\byte-buddy\1.10.11\byte-buddy-1.10.11.jar;C:\Users\Hadi\.m2\repository\net\bytebuddy\byte-buddy-agent\1.10.11\byte-buddy-agent-1.10.11.jar;C:\Users\Hadi\.m2\repository\org\objenesis\objenesis\2.6\objenesis-2.6.jar;C:\Users\Hadi\.m2\repository\org\mockito\mockito-junit-jupiter\3.3.3\mockito-junit-jupiter-3.3.3.jar;C:\Users\Hadi\.m2\repository\org\skyscreamer\jsonassert\1.5.0\jsonassert-1.5.0.jar;C:\Users\Hadi\.m2\repository\com\vaadin\external\google\android-json\0.0.20131108.vaadin1\android-json-0.0.20131108.vaadin1.jar;C:\Users\Hadi\.m2\repository\org\springframework\spring-test\5.2.7.RELEASE\spring-test-5.2.7.RELEASE.jar;C:\Users\Hadi\.m2\repository\org\xmlunit\xmlunit-core\2.7.0\xmlunit-core-2.7.0.jar;"/>
    <property name="java.vm.vendor" value="Oracle Corporation"/>
    <property name="sun.arch.data.model" value="64"/>
    <property name="user.variant" value=""/>
    <property name="java.vendor.url" value="https://openjdk.java.net/"/>
    <property name="user.timezone" value="Asia/Beirut"/>
    <property name="java.vm.specification.version" value="11"/>
    <property name="os.name" value="Windows 10"/>
    <property name="sun.java.launcher" value="SUN_STANDARD"/>
    <property name="user.country" value="US"/>
    <property name="sun.boot.library.path" value="C:\Program Files\Java\jdk-11.0.8\bin"/>
    <property name="sun.java.command" value="C:\Users\Hadi\AppData\Local\Temp\surefire17842910387261484152\surefirebooter2173412381700798217.jar C:\Users\Hadi\AppData\Local\Temp\surefire17842910387261484152 2020-10-21T19-04-57_207-jvmRun1 surefire8153939683316452975tmp surefire_011437362437581887831tmp"/>
    <property name="jdk.debug" value="release"/>
    <property name="surefire.test.class.path" value="C:\Workspace\aub-rpms-web\target\test-classes;C:\Workspace\aub-rpms-web\target\classes;C:\Users\Hadi\.m2\repository\org\springframework\boot\spring-boot-starter\2.3.1.RELEASE\spring-boot-starter-2.3.1.RELEASE.jar;C:\Users\Hadi\.m2\repository\org\springframework\boot\spring-boot\2.3.1.RELEASE\spring-boot-2.3.1.RELEASE.jar;C:\Users\Hadi\.m2\repository\org\springframework\spring-context\5.2.7.RELEASE\spring-context-5.2.7.RELEASE.jar;C:\Users\Hadi\.m2\repository\org\springframework\spring-aop\5.2.7.RELEASE\spring-aop-5.2.7.RELEASE.jar;C:\Users\Hadi\.m2\repository\org\springframework\spring-beans\5.2.7.RELEASE\spring-beans-5.2.7.RELEASE.jar;C:\Users\Hadi\.m2\repository\org\springframework\spring-expression\5.2.7.RELEASE\spring-expression-5.2.7.RELEASE.jar;C:\Users\Hadi\.m2\repository\org\springframework\boot\spring-boot-autoconfigure\2.3.1.RELEASE\spring-boot-autoconfigure-2.3.1.RELEASE.jar;C:\Users\Hadi\.m2\repository\org\springframework\boot\spring-boot-starter-logging\2.3.1.RELEASE\spring-boot-starter-logging-2.3.1.RELEASE.jar;C:\Users\Hadi\.m2\repository\ch\qos\logback\logback-classic\1.2.3\logback-classic-1.2.3.jar;C:\Users\Hadi\.m2\repository\ch\qos\logback\logback-core\1.2.3\logback-core-1.2.3.jar;C:\Users\Hadi\.m2\repository\org\apache\logging\log4j\log4j-to-slf4j\2.13.3\log4j-to-slf4j-2.13.3.jar;C:\Users\Hadi\.m2\repository\org\apache\logging\log4j\log4j-api\2.13.3\log4j-api-2.13.3.jar;C:\Users\Hadi\.m2\repository\org\slf4j\jul-to-slf4j\1.7.30\jul-to-slf4j-1.7.30.jar;C:\Users\Hadi\.m2\repository\jakarta\annotation\jakarta.annotation-api\1.3.5\jakarta.annotation-api-1.3.5.jar;C:\Users\Hadi\.m2\repository\org\springframework\spring-core\5.2.7.RELEASE\spring-core-5.2.7.RELEASE.jar;C:\Users\Hadi\.m2\repository\org\springframework\spring-jcl\5.2.7.RELEASE\spring-jcl-5.2.7.RELEASE.jar;C:\Users\Hadi\.m2\repository\org\yaml\snakeyaml\1.26\snakeyaml-1.26.jar;C:\Users\Hadi\.m2\repository\org\kie\kogito\kogito-springboot-starter\0.16.0\kogito-springboot-starter-0.16.0.jar;C:\Users\Hadi\.m2\repository\org\springframework\boot\spring-boot-starter-web\2.3.1.RELEASE\spring-boot-starter-web-2.3.1.RELEASE.jar;C:\Users\Hadi\.m2\repository\org\springframework\boot\spring-boot-starter-json\2.3.1.RELEASE\spring-boot-starter-json-2.3.1.RELEASE.jar;C:\Users\Hadi\.m2\repository\org\springframework\boot\spring-boot-starter-tomcat\2.3.1.RELEASE\spring-boot-starter-tomcat-2.3.1.RELEASE.jar;C:\Users\Hadi\.m2\repository\org\apache\tomcat\embed\tomcat-embed-core\9.0.36\tomcat-embed-core-9.0.36.jar;C:\Users\Hadi\.m2\repository\org\glassfish\jakarta.el\3.0.3\jakarta.el-3.0.3.jar;C:\Users\Hadi\.m2\repository\org\apache\tomcat\embed\tomcat-embed-websocket\9.0.36\tomcat-embed-websocket-9.0.36.jar;C:\Users\Hadi\.m2\repository\org\springframework\spring-web\5.2.7.RELEASE\spring-web-5.2.7.RELEASE.jar;C:\Users\Hadi\.m2\repository\org\springframework\spring-webmvc\5.2.7.RELEASE\spring-webmvc-5.2.7.RELEASE.jar;C:\Users\Hadi\.m2\repository\org\jboss\resteasy\resteasy-spring-boot-starter\4.6.0.Final\resteasy-spring-boot-starter-4.6.0.Final.jar;C:\Users\Hadi\.m2\repository\org\jboss\resteasy\resteasy-core\4.5.5.Final\resteasy-core-4.5.5.Final.jar;C:\Users\Hadi\.m2\repository\org\jboss\spec\javax\ws\rs\jboss-jaxrs-api_2.1_spec\1.0.1.Final\jboss-jaxrs-api_2.1_spec-1.0.1.Final.jar;C:\Users\Hadi\.m2\repository\org\jboss\spec\javax\xml\bind\jboss-jaxb-api_2.3_spec\1.0.1.Final\jboss-jaxb-api_2.3_spec-1.0.1.Final.jar;C:\Users\Hadi\.m2\repository\org\reactivestreams\reactive-streams\1.0.3\reactive-streams-1.0.3.jar;C:\Users\Hadi\.m2\repository\com\ibm\async\asyncutil\0.1.0\asyncutil-0.1.0.jar;C:\Users\Hadi\.m2\repository\org\jboss\spec\javax\annotation\jboss-annotations-api_1.3_spec\2.0.1.Final\jboss-annotations-api_1.3_spec-2.0.1.Final.jar;C:\Users\Hadi\.m2\repository\com\sun\activation\jakarta.activation\1.2.2\jakarta.activation-1.2.2.jar;C:\Users\Hadi\.m2\repository\org\eclipse\microprofile\config\microprofile-config-api\1.4\microprofile-config-api-1.4.jar;C:\Users\Hadi\.m2\repository\io\smallrye\config\smallrye-config\1.6.1\smallrye-config-1.6.1.jar;C:\Users\Hadi\.m2\repository\io\smallrye\config\smallrye-config-common\1.6.1\smallrye-config-common-1.6.1.jar;C:\Users\Hadi\.m2\repository\org\jboss\resteasy\resteasy-core-spi\4.5.5.Final\resteasy-core-spi-4.5.5.Final.jar;C:\Users\Hadi\.m2\repository\org\jboss\resteasy\resteasy-servlet-initializer\4.5.5.Final\resteasy-servlet-initializer-4.5.5.Final.jar;C:\Users\Hadi\.m2\repository\org\jboss\resteasy\resteasy-spring\4.5.5.Final\resteasy-spring-4.5.5.Final.jar;C:\Users\Hadi\.m2\repository\org\jboss\resteasy\resteasy-client\4.5.5.Final\resteasy-client-4.5.5.Final.jar;C:\Users\Hadi\.m2\repository\org\jboss\resteasy\resteasy-client-api\4.5.5.Final\resteasy-client-api-4.5.5.Final.jar;C:\Users\Hadi\.m2\repository\org\apache\httpcomponents\httpclient\4.5.12\httpclient-4.5.12.jar;C:\Users\Hadi\.m2\repository\org\apache\httpcomponents\httpcore\4.4.13\httpcore-4.4.13.jar;C:\Users\Hadi\.m2\repository\commons-io\commons-io\2.5\commons-io-2.5.jar;C:\Users\Hadi\.m2\repository\org\jboss\resteasy\resteasy-jackson2-provider\4.5.5.Final\resteasy-jackson2-provider-4.5.5.Final.jar;C:\Users\Hadi\.m2\repository\org\jboss\resteasy\resteasy-jaxb-provider\4.5.5.Final\resteasy-jaxb-provider-4.5.5.Final.jar;C:\Users\Hadi\.m2\repository\org\glassfish\jaxb\jaxb-runtime\2.3.3\jaxb-runtime-2.3.3.jar;C:\Users\Hadi\.m2\repository\org\glassfish\jaxb\txw2\2.3.3\txw2-2.3.3.jar;C:\Users\Hadi\.m2\repository\com\sun\istack\istack-commons-runtime\3.0.11\istack-commons-runtime-3.0.11.jar;C:\Users\Hadi\.m2\repository\com\github\fge\json-patch\1.9\json-patch-1.9.jar;C:\Users\Hadi\.m2\repository\com\github\fge\jackson-coreutils\1.6\jackson-coreutils-1.6.jar;C:\Users\Hadi\.m2\repository\com\github\fge\msg-simple\1.1\msg-simple-1.1.jar;C:\Users\Hadi\.m2\repository\com\github\fge\btf\1.2\btf-1.2.jar;C:\Users\Hadi\.m2\repository\javax\servlet\javax.servlet-api\4.0.1\javax.servlet-api-4.0.1.jar;C:\Users\Hadi\.m2\repository\javax\annotation\javax.annotation-api\1.3.2\javax.annotation-api-1.3.2.jar;C:\Users\Hadi\.m2\repository\javax\validation\validation-api\2.0.1.Final\validation-api-2.0.1.Final.jar;C:\Users\Hadi\.m2\repository\org\glassfish\javax.json\1.1.2\javax.json-1.1.2.jar;C:\Users\Hadi\.m2\repository\javax\json\javax.json-api\1.1.4\javax.json-api-1.1.4.jar;C:\Users\Hadi\.m2\repository\org\slf4j\slf4j-api\1.7.30\slf4j-api-1.7.30.jar;C:\Users\Hadi\.m2\repository\org\jboss\logging\jboss-logging\3.4.1.Final\jboss-logging-3.4.1.Final.jar;C:\Users\Hadi\.m2\repository\com\fasterxml\jackson\core\jackson-databind\2.11.0\jackson-databind-2.11.0.jar;C:\Users\Hadi\.m2\repository\com\fasterxml\jackson\core\jackson-core\2.11.0\jackson-core-2.11.0.jar;C:\Users\Hadi\.m2\repository\com\fasterxml\jackson\jaxrs\jackson-jaxrs-json-provider\2.11.0\jackson-jaxrs-json-provider-2.11.0.jar;C:\Users\Hadi\.m2\repository\com\fasterxml\jackson\jaxrs\jackson-jaxrs-base\2.11.0\jackson-jaxrs-base-2.11.0.jar;C:\Users\Hadi\.m2\repository\com\fasterxml\jackson\module\jackson-module-jaxb-annotations\2.11.0\jackson-module-jaxb-annotations-2.11.0.jar;C:\Users\Hadi\.m2\repository\com\fasterxml\jackson\datatype\jackson-datatype-jdk8\2.11.0\jackson-datatype-jdk8-2.11.0.jar;C:\Users\Hadi\.m2\repository\com\fasterxml\jackson\module\jackson-module-parameter-names\2.11.0\jackson-module-parameter-names-2.11.0.jar;C:\Users\Hadi\.m2\repository\com\fasterxml\jackson\datatype\jackson-datatype-jsr310\2.11.0\jackson-datatype-jsr310-2.11.0.jar;C:\Users\Hadi\.m2\repository\com\fasterxml\jackson\core\jackson-annotations\2.11.0\jackson-annotations-2.11.0.jar;C:\Users\Hadi\.m2\repository\com\google\guava\guava\25.0-jre\guava-25.0-jre.jar;C:\Users\Hadi\.m2\repository\com\google\code\findbugs\jsr305\1.3.9\jsr305-1.3.9.jar;C:\Users\Hadi\.m2\repository\org\checkerframework\checker-compat-qual\2.0.0\checker-compat-qual-2.0.0.jar;C:\Users\Hadi\.m2\repository\com\google\errorprone\error_prone_annotations\2.1.3\error_prone_annotations-2.1.3.jar;C:\Users\Hadi\.m2\repository\com\google\j2objc\j2objc-annotations\1.1\j2objc-annotations-1.1.jar;C:\Users\Hadi\.m2\repository\org\codehaus\mojo\animal-sniffer-annotations\1.14\animal-sniffer-annotations-1.14.jar;C:\Users\Hadi\.m2\repository\jakarta\validation\jakarta.validation-api\2.0.2\jakarta.validation-api-2.0.2.jar;C:\Users\Hadi\.m2\repository\commons-codec\commons-codec\1.14\commons-codec-1.14.jar;C:\Users\Hadi\.m2\repository\org\junit\platform\junit-platform-commons\1.6.2\junit-platform-commons-1.6.2.jar;C:\Users\Hadi\.m2\repository\org\kie\kogito\kogito-api\0.16.0\kogito-api-0.16.0.jar;C:\Users\Hadi\.m2\repository\org\kie\kie-dmn-api\7.44.0.Final\kie-dmn-api-7.44.0.Final.jar;C:\Users\Hadi\.m2\repository\org\kie\kie-dmn-model\7.44.0.Final\kie-dmn-model-7.44.0.Final.jar;C:\Users\Hadi\.m2\repository\org\kie\kogito\kogito-timer\0.16.0\kogito-timer-0.16.0.jar;C:\Users\Hadi\.m2\repository\org\kie\kie-pmml-evaluator-api\7.44.0.Final\kie-pmml-evaluator-api-7.44.0.Final.jar;C:\Users\Hadi\.m2\repository\org\kie\kie-pmml-commons\7.44.0.Final\kie-pmml-commons-7.44.0.Final.jar;C:\Users\Hadi\.m2\repository\org\kie\kogito\kogito-drools\0.16.0\kogito-drools-0.16.0.jar;C:\Users\Hadi\.m2\repository\org\kie\kogito\drools-core\0.16.0\drools-core-0.16.0.jar;C:\Users\Hadi\.m2\repository\org\drools\drools-core\7.44.0.Final\drools-core-7.44.0.Final.jar;C:\Users\Hadi\.m2\repository\org\kie\soup\kie-soup-xstream\7.44.0.Final\kie-soup-xstream-7.44.0.Final.jar;C:\Users\Hadi\.m2\repository\org\kie\soup\kie-soup-project-datamodel-commons\7.44.0.Final\kie-soup-project-datamodel-commons-7.44.0.Final.jar;C:\Users\Hadi\.m2\repository\org\kie\soup\kie-soup-project-datamodel-api\7.44.0.Final\kie-soup-project-datamodel-api-7.44.0.Final.jar;C:\Users\Hadi\.m2\repository\com\thoughtworks\xstream\xstream\1.4.11.1\xstream-1.4.11.1.jar;C:\Users\Hadi\.m2\repository\xmlpull\xmlpull\1.1.3.1\xmlpull-1.1.3.1.jar;C:\Users\Hadi\.m2\repository\xpp3\xpp3_min\1.1.4c\xpp3_min-1.1.4c.jar;C:\Users\Hadi\.m2\repository\org\kie\kogito\drools-compiler\0.16.0\drools-compiler-0.16.0.jar;C:\Users\Hadi\.m2\repository\org\drools\drools-compiler\7.44.0.Final\drools-compiler-7.44.0.Final.jar;C:\Users\Hadi\.m2\repository\org\kie\soup\kie-soup-maven-support\7.44.0.Final\kie-soup-maven-support-7.44.0.Final.jar;C:\Users\Hadi\.m2\repository\org\kie\soup\kie-soup-commons\7.44.0.Final\kie-soup-commons-7.44.0.Final.jar;C:\Users\Hadi\.m2\repository\org\antlr\antlr-runtime\3.5.2\antlr-runtime-3.5.2.jar;C:\Users\Hadi\.m2\repository\org\kie\kogito\drools-core-static\0.16.0\drools-core-static-0.16.0.jar;C:\Users\Hadi\.m2\repository\org\drools\drools-core-reflective\7.44.0.Final\drools-core-reflective-7.44.0.Final.jar;C:\Users\Hadi\.m2\repository\org\kie\kogito\kogito-ruleunits\0.16.0\kogito-ruleunits-0.16.0.jar;C:\Users\Hadi\.m2\repository\org\kie\kogito\kogito-drools-model\0.16.0\kogito-drools-model-0.16.0.jar;C:\Users\Hadi\.m2\repository\org\drools\drools-model-compiler\7.44.0.Final\drools-model-compiler-7.44.0.Final.jar;C:\Users\Hadi\.m2\repository\org\drools\drools-canonical-model\7.44.0.Final\drools-canonical-model-7.44.0.Final.jar;C:\Users\Hadi\.m2\repository\org\drools\drools-mvel-parser\7.44.0.Final\drools-mvel-parser-7.44.0.Final.jar;C:\Users\Hadi\.m2\repository\org\drools\drools-mvel-compiler\7.44.0.Final\drools-mvel-compiler-7.44.0.Final.jar;C:\Users\Hadi\.m2\repository\org\kie\kogito\jbpm-flow\0.16.0\jbpm-flow-0.16.0.jar;C:\Users\Hadi\.m2\repository\org\kie\kogito\kogito-internal\0.16.0\kogito-internal-0.16.0.jar;C:\Users\Hadi\.m2\repository\org\kie\kogito\kogito-services\0.16.0\kogito-services-0.16.0.jar;C:\Users\Hadi\.m2\repository\com\google\protobuf\protobuf-java\3.6.1\protobuf-java-3.6.1.jar;C:\Users\Hadi\.m2\repository\org\mvel\mvel2\2.4.7.Final\mvel2-2.4.7.Final.jar;C:\Users\Hadi\.m2\repository\org\kie\kogito\kogito-dmn\0.16.0\kogito-dmn-0.16.0.jar;C:\Users\Hadi\.m2\repository\org\kie\kie-dmn-core\7.44.0.Final\kie-dmn-core-7.44.0.Final.jar;C:\Users\Hadi\.m2\repository\org\kie\kie-dmn-backend\7.44.0.Final\kie-dmn-backend-7.44.0.Final.jar;C:\Users\Hadi\.m2\repository\org\kie\kie-dmn-feel\7.44.0.Final\kie-dmn-feel-7.44.0.Final.jar;C:\Users\Hadi\.m2\repository\ch\obermuhlner\big-math\2.0.1\big-math-2.0.1.jar;C:\Users\Hadi\.m2\repository\com\github\javaparser\javaparser-core\3.13.10\javaparser-core-3.13.10.jar;C:\Users\Hadi\.m2\repository\org\antlr\antlr4-runtime\4.8\antlr4-runtime-4.8.jar;C:\Users\Hadi\.m2\repository\org\jpmml\pmml-model\1.5.1\pmml-model-1.5.1.jar;C:\Users\Hadi\.m2\repository\org\jpmml\pmml-agent\1.5.1\pmml-agent-1.5.1.jar;C:\Users\Hadi\.m2\repository\org\kie\kie-dmn-validation\7.44.0.Final\kie-dmn-validation-7.44.0.Final.jar;C:\Users\Hadi\.m2\repository\org\kie\kogito\kogito-pmml\0.16.0\kogito-pmml-0.16.0.jar;C:\Users\Hadi\.m2\repository\org\kie\kie-pmml-compiler-api\7.44.0.Final\kie-pmml-compiler-api-7.44.0.Final.jar;C:\Users\Hadi\.m2\repository\org\kie\kie-pmml-compiler-core\7.44.0.Final\kie-pmml-compiler-core-7.44.0.Final.jar;C:\Users\Hadi\.m2\repository\org\kie\kie-pmml-compiler-commons\7.44.0.Final\kie-pmml-compiler-commons-7.44.0.Final.jar;C:\Users\Hadi\.m2\repository\org\kie\kie-pmml-evaluator-core\7.44.0.Final\kie-pmml-evaluator-core-7.44.0.Final.jar;C:\Users\Hadi\.m2\repository\org\kie\kie-pmml-evaluator-assembler\7.44.0.Final\kie-pmml-evaluator-assembler-7.44.0.Final.jar;C:\Users\Hadi\.m2\repository\org\kie\kie-pmml-models-drools-common\7.44.0.Final\kie-pmml-models-drools-common-7.44.0.Final.jar;C:\Users\Hadi\.m2\repository\org\kie\kie-pmml-models-regression-model\7.44.0.Final\kie-pmml-models-regression-model-7.44.0.Final.jar;C:\Users\Hadi\.m2\repository\org\kie\kie-pmml-models-regression-compiler\7.44.0.Final\kie-pmml-models-regression-compiler-7.44.0.Final.jar;C:\Users\Hadi\.m2\repository\org\kie\kie-memory-compiler\7.44.0.Final\kie-memory-compiler-7.44.0.Final.jar;C:\Users\Hadi\.m2\repository\org\kie\kie-pmml-models-regression-evaluator\7.44.0.Final\kie-pmml-models-regression-evaluator-7.44.0.Final.jar;C:\Users\Hadi\.m2\repository\org\apache\commons\commons-math3\3.4.1\commons-math3-3.4.1.jar;C:\Users\Hadi\.m2\repository\org\kie\kie-pmml-models-drools-tree-model\7.44.0.Final\kie-pmml-models-drools-tree-model-7.44.0.Final.jar;C:\Users\Hadi\.m2\repository\org\kie\kie-pmml-models-drools-tree-compiler\7.44.0.Final\kie-pmml-models-drools-tree-compiler-7.44.0.Final.jar;C:\Users\Hadi\.m2\repository\org\kie\kie-pmml-models-drools-tree-evaluator\7.44.0.Final\kie-pmml-models-drools-tree-evaluator-7.44.0.Final.jar;C:\Users\Hadi\.m2\repository\org\kie\kie-pmml-compiler-api\7.44.0.Final\kie-pmml-compiler-api-7.44.0.Final-tests.jar;C:\Users\Hadi\.m2\repository\org\kie\kie-pmml-models-drools-scorecard-model\7.44.0.Final\kie-pmml-models-drools-scorecard-model-7.44.0.Final.jar;C:\Users\Hadi\.m2\repository\org\kie\kie-pmml-models-drools-scorecard-compiler\7.44.0.Final\kie-pmml-models-drools-scorecard-compiler-7.44.0.Final.jar;C:\Users\Hadi\.m2\repository\org\kie\kie-pmml-models-drools-scorecard-evaluator\7.44.0.Final\kie-pmml-models-drools-scorecard-evaluator-7.44.0.Final.jar;C:\Users\Hadi\.m2\repository\org\kie\kie-pmml-models-mining-model\7.44.0.Final\kie-pmml-models-mining-model-7.44.0.Final.jar;C:\Users\Hadi\.m2\repository\org\kie\kie-pmml-models-mining-compiler\7.44.0.Final\kie-pmml-models-mining-compiler-7.44.0.Final.jar;C:\Users\Hadi\.m2\repository\org\kie\kie-pmml-models-mining-evaluator\7.44.0.Final\kie-pmml-models-mining-evaluator-7.44.0.Final.jar;C:\Users\Hadi\.m2\repository\javax\xml\bind\jaxb-api\2.3.1\jaxb-api-2.3.1.jar;C:\Users\Hadi\.m2\repository\javax\activation\javax.activation-api\1.2.0\javax.activation-api-1.2.0.jar;C:\Users\Hadi\.m2\repository\com\sun\activation\javax.activation\1.2.0\javax.activation-1.2.0.jar;C:\Users\Hadi\.m2\repository\org\springframework\boot\spring-boot-starter-test\2.3.1.RELEASE\spring-boot-starter-test-2.3.1.RELEASE.jar;C:\Users\Hadi\.m2\repository\org\springframework\boot\spring-boot-test\2.3.1.RELEASE\spring-boot-test-2.3.1.RELEASE.jar;C:\Users\Hadi\.m2\repository\org\springframework\boot\spring-boot-test-autoconfigure\2.3.1.RELEASE\spring-boot-test-autoconfigure-2.3.1.RELEASE.jar;C:\Users\Hadi\.m2\repository\com\jayway\jsonpath\json-path\2.4.0\json-path-2.4.0.jar;C:\Users\Hadi\.m2\repository\net\minidev\json-smart\2.3\json-smart-2.3.jar;C:\Users\Hadi\.m2\repository\net\minidev\accessors-smart\1.2\accessors-smart-1.2.jar;C:\Users\Hadi\.m2\repository\org\ow2\asm\asm\5.0.4\asm-5.0.4.jar;C:\Users\Hadi\.m2\repository\jakarta\xml\bind\jakarta.xml.bind-api\2.3.3\jakarta.xml.bind-api-2.3.3.jar;C:\Users\Hadi\.m2\repository\jakarta\activation\jakarta.activation-api\1.2.2\jakarta.activation-api-1.2.2.jar;C:\Users\Hadi\.m2\repository\org\assertj\assertj-core\3.16.1\assertj-core-3.16.1.jar;C:\Users\Hadi\.m2\repository\org\hamcrest\hamcrest\2.2\hamcrest-2.2.jar;C:\Users\Hadi\.m2\repository\org\junit\jupiter\junit-jupiter\5.6.2\junit-jupiter-5.6.2.jar;C:\Users\Hadi\.m2\repository\org\junit\jupiter\junit-jupiter-api\5.6.2\junit-jupiter-api-5.6.2.jar;C:\Users\Hadi\.m2\repository\org\opentest4j\opentest4j\1.2.0\opentest4j-1.2.0.jar;C:\Users\Hadi\.m2\repository\org\junit\jupiter\junit-jupiter-params\5.6.2\junit-jupiter-params-5.6.2.jar;C:\Users\Hadi\.m2\repository\org\junit\jupiter\junit-jupiter-engine\5.6.2\junit-jupiter-engine-5.6.2.jar;C:\Users\Hadi\.m2\repository\org\junit\vintage\junit-vintage-engine\5.6.2\junit-vintage-engine-5.6.2.jar;C:\Users\Hadi\.m2\repository\org\apiguardian\apiguardian-api\1.1.0\apiguardian-api-1.1.0.jar;C:\Users\Hadi\.m2\repository\org\junit\platform\junit-platform-engine\1.6.2\junit-platform-engine-1.6.2.jar;C:\Users\Hadi\.m2\repository\junit\junit\4.13\junit-4.13.jar;C:\Users\Hadi\.m2\repository\org\mockito\mockito-core\3.3.3\mockito-core-3.3.3.jar;C:\Users\Hadi\.m2\repository\net\bytebuddy\byte-buddy\1.10.11\byte-buddy-1.10.11.jar;C:\Users\Hadi\.m2\repository\net\bytebuddy\byte-buddy-agent\1.10.11\byte-buddy-agent-1.10.11.jar;C:\Users\Hadi\.m2\repository\org\objenesis\objenesis\2.6\objenesis-2.6.jar;C:\Users\Hadi\.m2\repository\org\mockito\mockito-junit-jupiter\3.3.3\mockito-junit-jupiter-3.3.3.jar;C:\Users\Hadi\.m2\repository\org\skyscreamer\jsonassert\1.5.0\jsonassert-1.5.0.jar;C:\Users\Hadi\.m2\repository\com\vaadin\external\google\android-json\0.0.20131108.vaadin1\android-json-0.0.20131108.vaadin1.jar;C:\Users\Hadi\.m2\repository\org\springframework\spring-test\5.2.7.RELEASE\spring-test-5.2.7.RELEASE.jar;C:\Users\Hadi\.m2\repository\org\xmlunit\xmlunit-core\2.7.0\xmlunit-core-2.7.0.jar;"/>
    <property name="sun.cpu.endian" value="little"/>
    <property name="user.home" value="C:\Users\Hadi"/>
    <property name="user.language" value="en"/>
    <property name="java.specification.vendor" value="Oracle Corporation"/>
    <property name="java.version.date" value="2020-07-14"/>
    <property name="java.home" value="C:\Program Files\Java\jdk-11.0.8"/>
    <property name="file.separator" value="\"/>
    <property name="basedir" value="C:\Workspace\aub-rpms-web"/>
    <property name="java.vm.compressedOopsMode" value="32-bit"/>
    <property name="line.separator" value="&#10;"/>
    <property name="java.specification.name" value="Java Platform API Specification"/>
    <property name="java.vm.specification.vendor" value="Oracle Corporation"/>
    <property name="java.awt.graphicsenv" value="sun.awt.Win32GraphicsEnvironment"/>
    <property name="surefire.real.class.path" value="C:\Users\Hadi\AppData\Local\Temp\surefire17842910387261484152\surefirebooter2173412381700798217.jar"/>
    <property name="tests.category" value=""/>
    <property name="user.script" value=""/>
    <property name="sun.management.compiler" value="HotSpot 64-Bit Tiered Compilers"/>
    <property name="java.runtime.version" value="11.0.8+10-LTS"/>
    <property name="user.name" value="Hadi"/>
    <property name="path.separator" value=";"/>
    <property name="os.version" value="10.0"/>
    <property name="java.runtime.name" value="Java(TM) SE Runtime Environment"/>
    <property name="file.encoding" value="Cp1252"/>
    <property name="java.vm.name" value="Java HotSpot(TM) 64-Bit Server VM"/>
    <property name="java.vendor.version" value="18.9"/>
    <property name="localRepository" value="C:\Users\Hadi\.m2\repository"/>
    <property name="java.vendor.url.bug" value="https://bugreport.java.com/bugreport/"/>
    <property name="java.io.tmpdir" value="C:\Users\Hadi\AppData\Local\Temp\"/>
    <property name="java.version" value="11.0.8"/>
    <property name="user.dir" value="C:\Workspace\aub-rpms-web"/>
    <property name="os.arch" value="amd64"/>
    <property name="java.vm.specification.name" value="Java Virtual Machine Specification"/>
    <property name="java.awt.printerjob" value="sun.awt.windows.WPrinterJob"/>
    <property name="sun.os.patch.level" value=""/>
    <property name="java.util.logging.manager" value="org.jboss.logmanager.LogManager"/>
    <property name="java.library.path" value="C:\Program Files\Java\jdk-11.0.8\bin;C:\WINDOWS\Sun\Java\bin;C:\WINDOWS\system32;C:\WINDOWS;C:\Program Files\Common Files\Oracle\Java\javapath;C:\Python38\Scripts\;C:\Python38\;C:\Program Files (x86)\Common Files\Oracle\Java\javapath;C:\Program Files (x86)\GnuWin32\bin\make.exe;C:\Windows\System32\;C:\Program Files\Git\bin\;C:\Users\Hadi\anaconda3\envs\tensorflow;C:\WINDOWS\System32\WindowsPowerShell\v1.0\;C:\ProgramData\chocolatey\bin;C:\Program Files\apache-maven-3.6.3\bin;C:\Gradle\gradle-6.3\bin;C:\WINDOWS\system32;C:\WINDOWS;C:\WINDOWS\System32\Wbem;C:\WINDOWS\System32\OpenSSH\;C:\Program Files\dotnet\;C:\Program Files\PowerShell\7\;C:\Program Files\Java\jdk1.8.0_251\bin;C:\Program Files\nodejs\;C:\Program Files (x86)\Yarn\bin\;C:\Program Files\NVIDIA Corporation\NVIDIA NvDLISR;C:\Program Files\MySQL\MySQL Shell 8.0\bin\;C:\Users\Hadi\anaconda3;C:\Users\Hadi\anaconda3\Library\mingw-w64\bin;C:\Users\Hadi\anaconda3\Library\usr\bin;C:\Users\Hadi\anaconda3\Library\bin;C:\Users\Hadi\anaconda3\Scripts;C:\Users\Hadi\Desktop\flutter\bin\cache\dart-sdk\bin;C:\Users\Hadi\AppData\Local\atom\bin;C:\Users\Hadi\AppData\Local\Microsoft\WindowsApps;C:\Users\Hadi\Desktop\flutter\bin;C:\Users\Hadi\Desktop\SQLite;C:\Users\Hadi\Desktop\flutter\.pub-cache\bin;C:\Users\Hadi\Documents\Software Development\flutter\bin;C:\Users\Hadi\AppData\Local\Microsoft\WindowsApps;C:\Program Files (x86)\GnuWin32\bin;C:\WINDOWS\System32\WindowsPowerShell\v1.0\;C:\Program Files\JetBrains\IntelliJ IDEA Community Edition 2020.1.2\bin;;C:\Users\Hadi\AppData\Roaming\npm;C:\Users\Hadi\AppData\Local\Yarn\bin;C:\Android\tools\bin\platform-tools;;C:\Users\Hadi\AppData\Local\Programs\Microsoft VS Code\bin;."/>
    <property name="java.vendor" value="Oracle Corporation"/>
    <property name="java.vm.info" value="mixed mode"/>
    <property name="java.vm.version" value="11.0.8+10-LTS"/>
    <property name="sun.io.unicode.encoding" value="UnicodeLittle"/>
    <property name="java.class.version" value="55.0"/>
  </properties>
  <testcase name="testAdult" classname="org.acme.travels.PersonsProcessTest" time="1.833"/>
  <testcase name="testChild" classname="org.acme.travels.PersonsProcessTest" time="0.583"/>
</testsuite>